2022-04-16T08:16:04+00:00 ERROR Error getting data feed
2022-04-16T08:16:04+00:00 ERROR WP_Error Object
(
    [errors] => Array
        (
            [http_request_failed] => Array
                (
                    [0] => cURL error 60: SSL certificate problem: certificate has expired
                )

        )

    [error_data] => Array
        (
        )

    [additional_data:protected] => Array
        (
        )

)

2022-04-16T08:20:16+00:00 ERROR Error getting data feed
2022-04-16T08:20:16+00:00 ERROR WP_Error Object
(
    [errors] => Array
        (
            [http_request_failed] => Array
                (
                    [0] => cURL error 60: SSL certificate problem: certificate has expired
                )

        )

    [error_data] => Array
        (
        )

    [additional_data:protected] => Array
        (
        )

)

2022-04-16T08:21:37+00:00 ERROR Error getting data feed
2022-04-16T08:21:37+00:00 ERROR WP_Error Object
(
    [errors] => Array
        (
            [http_request_failed] => Array
                (
                    [0] => cURL error 60: SSL certificate problem: certificate has expired
                )

        )

    [error_data] => Array
        (
        )

    [additional_data:protected] => Array
        (
        )

)

2022-04-16T08:21:37+00:00 ERROR Error getting data feed
2022-04-16T08:21:37+00:00 ERROR WP_Error Object
(
    [errors] => Array
        (
            [http_request_failed] => Array
                (
                    [0] => cURL error 60: SSL certificate problem: certificate has expired
                )

        )

    [error_data] => Array
        (
        )

    [additional_data:protected] => Array
        (
        )

)

2022-04-16T08:21:39+00:00 ERROR Error getting data feed
2022-04-16T08:21:39+00:00 ERROR WP_Error Object
(
    [errors] => Array
        (
            [http_request_failed] => Array
                (
                    [0] => cURL error 60: SSL certificate problem: certificate has expired
                )

        )

    [error_data] => Array
        (
        )

    [additional_data:protected] => Array
        (
        )

)

2022-04-16T08:22:02+00:00 ERROR Error getting data feed
2022-04-16T08:22:02+00:00 ERROR WP_Error Object
(
    [errors] => Array
        (
            [http_request_failed] => Array
                (
                    [0] => cURL error 60: SSL certificate problem: certificate has expired
                )

        )

    [error_data] => Array
        (
        )

    [additional_data:protected] => Array
        (
        )

)

2022-04-16T08:22:02+00:00 ERROR Error getting data feed
2022-04-16T08:22:03+00:00 ERROR WP_Error Object
(
    [errors] => Array
        (
            [http_request_failed] => Array
                (
                    [0] => cURL error 60: SSL certificate problem: certificate has expired
                )

        )

    [error_data] => Array
        (
        )

    [additional_data:protected] => Array
        (
        )

)

2022-04-16T08:22:03+00:00 ERROR Error getting data feed
2022-04-16T08:22:03+00:00 ERROR WP_Error Object
(
    [errors] => Array
        (
            [http_request_failed] => Array
                (
                    [0] => cURL error 60: SSL certificate problem: certificate has expired
                )

        )

    [error_data] => Array
        (
        )

    [additional_data:protected] => Array
        (
        )

)

2022-04-16T08:22:11+00:00 ERROR Error getting data feed
2022-04-16T08:22:11+00:00 ERROR WP_Error Object
(
    [errors] => Array
        (
            [http_request_failed] => Array
                (
                    [0] => cURL error 60: SSL certificate problem: certificate has expired
                )

        )

    [error_data] => Array
        (
        )

    [additional_data:protected] => Array
        (
        )

)

2022-04-16T08:22:25+00:00 ERROR Error getting data feed
2022-04-16T08:22:25+00:00 ERROR Error getting data feed
2022-04-16T08:22:25+00:00 ERROR WP_Error Object
(
    [errors] => Array
        (
            [http_request_failed] => Array
                (
                    [0] => cURL error 60: SSL certificate problem: certificate has expired
                )

        )

    [error_data] => Array
        (
        )

    [additional_data:protected] => Array
        (
        )

)

2022-04-16T08:22:25+00:00 ERROR WP_Error Object
(
    [errors] => Array
        (
            [http_request_failed] => Array
                (
                    [0] => cURL error 60: SSL certificate problem: certificate has expired
                )

        )

    [error_data] => Array
        (
        )

    [additional_data:protected] => Array
        (
        )

)

2022-04-16T08:22:25+00:00 ERROR Error getting data feed
2022-04-16T08:22:25+00:00 ERROR WP_Error Object
(
    [errors] => Array
        (
            [http_request_failed] => Array
                (
                    [0] => cURL error 60: SSL certificate problem: certificate has expired
                )

        )

    [error_data] => Array
        (
        )

    [additional_data:protected] => Array
        (
        )

)

2022-04-16T08:22:27+00:00 ERROR Error getting data feed
2022-04-16T08:22:27+00:00 ERROR WP_Error Object
(
    [errors] => Array
        (
            [http_request_failed] => Array
                (
                    [0] => cURL error 60: SSL certificate problem: certificate has expired
                )

        )

    [error_data] => Array
        (
        )

    [additional_data:protected] => Array
        (
        )

)

2022-04-16T08:22:32+00:00 ERROR Error getting data feed
2022-04-16T08:22:32+00:00 ERROR WP_Error Object
(
    [errors] => Array
        (
            [http_request_failed] => Array
                (
                    [0] => cURL error 60: SSL certificate problem: certificate has expired
                )

        )

    [error_data] => Array
        (
        )

    [additional_data:protected] => Array
        (
        )

)

2022-04-16T08:22:33+00:00 ERROR Error getting data feed
2022-04-16T08:22:33+00:00 ERROR WP_Error Object
(
    [errors] => Array
        (
            [http_request_failed] => Array
                (
                    [0] => cURL error 60: SSL certificate problem: certificate has expired
                )

        )

    [error_data] => Array
        (
        )

    [additional_data:protected] => Array
        (
        )

)

2022-04-16T08:22:34+00:00 ERROR Error getting data feed
2022-04-16T08:22:34+00:00 ERROR WP_Error Object
(
    [errors] => Array
        (
            [http_request_failed] => Array
                (
                    [0] => cURL error 60: SSL certificate problem: certificate has expired
                )

        )

    [error_data] => Array
        (
        )

    [additional_data:protected] => Array
        (
        )

)

2022-04-16T08:22:45+00:00 ERROR Error getting data feed
2022-04-16T08:22:45+00:00 ERROR WP_Error Object
(
    [errors] => Array
        (
            [http_request_failed] => Array
                (
                    [0] => cURL error 60: SSL certificate problem: certificate has expired
                )

        )

    [error_data] => Array
        (
        )

    [additional_data:protected] => Array
        (
        )

)

2022-04-16T08:22:45+00:00 ERROR Error getting data feed
2022-04-16T08:22:45+00:00 ERROR WP_Error Object
(
    [errors] => Array
        (
            [http_request_failed] => Array
                (
                    [0] => cURL error 60: SSL certificate problem: certificate has expired
                )

        )

    [error_data] => Array
        (
        )

    [additional_data:protected] => Array
        (
        )

)

2022-04-16T08:22:46+00:00 ERROR Error getting data feed
2022-04-16T08:22:46+00:00 ERROR WP_Error Object
(
    [errors] => Array
        (
            [http_request_failed] => Array
                (
                    [0] => cURL error 60: SSL certificate problem: certificate has expired
                )

        )

    [error_data] => Array
        (
        )

    [additional_data:protected] => Array
        (
        )

)

2022-04-16T08:23:01+00:00 ERROR Error getting data feed
2022-04-16T08:23:02+00:00 ERROR WP_Error Object
(
    [errors] => Array
        (
            [http_request_failed] => Array
                (
                    [0] => cURL error 60: SSL certificate problem: certificate has expired
                )

        )

    [error_data] => Array
        (
        )

    [additional_data:protected] => Array
        (
        )

)

2022-04-16T08:23:02+00:00 ERROR Error getting data feed
2022-04-16T08:23:02+00:00 ERROR WP_Error Object
(
    [errors] => Array
        (
            [http_request_failed] => Array
                (
                    [0] => cURL error 60: SSL certificate problem: certificate has expired
                )

        )

    [error_data] => Array
        (
        )

    [additional_data:protected] => Array
        (
        )

)

2022-04-16T08:23:15+00:00 ERROR Error getting data feed
2022-04-16T08:23:15+00:00 ERROR WP_Error Object
(
    [errors] => Array
        (
            [http_request_failed] => Array
                (
                    [0] => cURL error 60: SSL certificate problem: certificate has expired
                )

        )

    [error_data] => Array
        (
        )

    [additional_data:protected] => Array
        (
        )

)

2022-04-16T08:23:16+00:00 ERROR Error getting data feed
2022-04-16T08:23:16+00:00 ERROR WP_Error Object
(
    [errors] => Array
        (
            [http_request_failed] => Array
                (
                    [0] => cURL error 60: SSL certificate problem: certificate has expired
                )

        )

    [error_data] => Array
        (
        )

    [additional_data:protected] => Array
        (
        )

)

2022-04-16T08:23:17+00:00 ERROR Error getting data feed
2022-04-16T08:23:17+00:00 ERROR WP_Error Object
(
    [errors] => Array
        (
            [http_request_failed] => Array
                (
                    [0] => cURL error 60: SSL certificate problem: certificate has expired
                )

        )

    [error_data] => Array
        (
        )

    [additional_data:protected] => Array
        (
        )

)

2022-04-16T08:23:25+00:00 ERROR Error getting data feed
2022-04-16T08:23:25+00:00 ERROR WP_Error Object
(
    [errors] => Array
        (
            [http_request_failed] => Array
                (
                    [0] => cURL error 60: SSL certificate problem: certificate has expired
                )

        )

    [error_data] => Array
        (
        )

    [additional_data:protected] => Array
        (
        )

)

2022-04-16T08:23:30+00:00 ERROR Error getting data feed
2022-04-16T08:23:31+00:00 ERROR WP_Error Object
(
    [errors] => Array
        (
            [http_request_failed] => Array
                (
                    [0] => cURL error 60: SSL certificate problem: certificate has expired
                )

        )

    [error_data] => Array
        (
        )

    [additional_data:protected] => Array
        (
        )

)

2022-04-16T08:23:34+00:00 ERROR Error getting data feed
2022-04-16T08:23:34+00:00 ERROR WP_Error Object
(
    [errors] => Array
        (
            [http_request_failed] => Array
                (
                    [0] => cURL error 60: SSL certificate problem: certificate has expired
                )

        )

    [error_data] => Array
        (
        )

    [additional_data:protected] => Array
        (
        )

)

2022-04-16T08:23:44+00:00 ERROR Error getting data feed
2022-04-16T08:23:44+00:00 ERROR WP_Error Object
(
    [errors] => Array
        (
            [http_request_failed] => Array
                (
                    [0] => cURL error 60: SSL certificate problem: certificate has expired
                )

        )

    [error_data] => Array
        (
        )

    [additional_data:protected] => Array
        (
        )

)

2022-04-16T08:23:45+00:00 ERROR Error getting data feed
2022-04-16T08:23:45+00:00 ERROR WP_Error Object
(
    [errors] => Array
        (
            [http_request_failed] => Array
                (
                    [0] => cURL error 60: SSL certificate problem: certificate has expired
                )

        )

    [error_data] => Array
        (
        )

    [additional_data:protected] => Array
        (
        )

)

2022-04-16T08:23:47+00:00 ERROR Error getting data feed
2022-04-16T08:23:47+00:00 ERROR WP_Error Object
(
    [errors] => Array
        (
            [http_request_failed] => Array
                (
                    [0] => cURL error 60: SSL certificate problem: certificate has expired
                )

        )

    [error_data] => Array
        (
        )

    [additional_data:protected] => Array
        (
        )

)

2022-04-16T08:24:04+00:00 ERROR Error getting data feed
2022-04-16T08:24:04+00:00 ERROR WP_Error Object
(
    [errors] => Array
        (
            [http_request_failed] => Array
                (
                    [0] => cURL error 60: SSL certificate problem: certificate has expired
                )

        )

    [error_data] => Array
        (
        )

    [additional_data:protected] => Array
        (
        )

)

2022-04-16T08:24:10+00:00 ERROR Error getting data feed
2022-04-16T08:24:10+00:00 ERROR WP_Error Object
(
    [errors] => Array
        (
            [http_request_failed] => Array
                (
                    [0] => cURL error 60: SSL certificate problem: certificate has expired
                )

        )

    [error_data] => Array
        (
        )

    [additional_data:protected] => Array
        (
        )

)

2022-04-16T08:24:24+00:00 ERROR Error getting data feed
2022-04-16T08:24:24+00:00 ERROR WP_Error Object
(
    [errors] => Array
        (
            [http_request_failed] => Array
                (
                    [0] => cURL error 60: SSL certificate problem: certificate has expired
                )

        )

    [error_data] => Array
        (
        )

    [additional_data:protected] => Array
        (
        )

)

2022-04-16T08:24:25+00:00 ERROR Error getting data feed
2022-04-16T08:24:25+00:00 ERROR Error getting data feed
2022-04-16T08:24:25+00:00 ERROR WP_Error Object
(
    [errors] => Array
        (
            [http_request_failed] => Array
                (
                    [0] => cURL error 60: SSL certificate problem: certificate has expired
                )

        )

    [error_data] => Array
        (
        )

    [additional_data:protected] => Array
        (
        )

)

2022-04-16T08:24:25+00:00 ERROR WP_Error Object
(
    [errors] => Array
        (
            [http_request_failed] => Array
                (
                    [0] => cURL error 60: SSL certificate problem: certificate has expired
                )

        )

    [error_data] => Array
        (
        )

    [additional_data:protected] => Array
        (
        )

)

2022-04-16T08:30:20+00:00 ERROR Error getting data feed
2022-04-16T08:30:20+00:00 ERROR WP_Error Object
(
    [errors] => Array
        (
            [http_request_failed] => Array
                (
                    [0] => cURL error 60: SSL certificate problem: certificate has expired
                )

        )

    [error_data] => Array
        (
        )

    [additional_data:protected] => Array
        (
        )

)

